2023-04-04 12:26:40,183  INFO [main] HomePage:22 - this is home page
2023-04-04 12:26:42,970  INFO [main] HomePage:22 - this is home page
2023-04-05 00:10:32,321 DEBUG [main] RequestAddCookies:123 - CookieSpec selected: standard
2023-04-05 00:10:32,330 DEBUG [main] RequestAuthCache:77 - Auth cache not set in the context
2023-04-05 00:10:32,331 DEBUG [main] PoolingHttpClientConnectionManager:265 - Connection request: [route: {s}->https://raw.githubusercontent.com:443][total kept alive: 0; route allocated: 0 of 2; total allocated: 0 of 20]
2023-04-05 00:10:32,342 DEBUG [main] PoolingHttpClientConnectionManager:309 - Connection leased: [id: 0][route: {s}->https://raw.githubusercontent.com:443][total kept alive: 0; route allocated: 1 of 2; total allocated: 1 of 20]
2023-04-05 00:10:32,344 DEBUG [main] MainClientExec:235 - Opening connection {s}->https://raw.githubusercontent.com:443
2023-04-05 00:10:32,382 DEBUG [main] DefaultHttpClientConnectionOperator:139 - Connecting to raw.githubusercontent.com/185.199.109.133:443
2023-04-05 00:10:32,382 DEBUG [main] SSLConnectionSocketFactory:337 - Connecting socket to raw.githubusercontent.com/185.199.109.133:443 with timeout 0
2023-04-05 00:10:32,479 DEBUG [main] SSLConnectionSocketFactory:390 - Enabled protocols: [TLSv1.3, TLSv1.2]
2023-04-05 00:10:32,479 DEBUG [main] SSLConnectionSocketFactory:391 - Enabled cipher suites:[TLS_AES_256_GCM_SHA384, TLS_AES_128_GCM_SHA256, TLS_CHACHA20_POLY1305_SHA256, TLS_ECDHE_ECDSA_WITH_AES_256_GCM_SHA384, TLS_ECDHE_ECDSA_WITH_AES_128_GCM_SHA256, TLS_ECDHE_ECDSA_WITH_CHACHA20_POLY1305_SHA256, TLS_ECDHE_RSA_WITH_AES_256_GCM_SHA384, TLS_ECDHE_RSA_WITH_CHACHA20_POLY1305_SHA256, TLS_ECDHE_RSA_WITH_AES_128_GCM_SHA256, TLS_DHE_RSA_WITH_AES_256_GCM_SHA384, TLS_DHE_RSA_WITH_CHACHA20_POLY1305_SHA256, TLS_DHE_DSS_WITH_AES_256_GCM_SHA384, TLS_DHE_RSA_WITH_AES_128_GCM_SHA256, TLS_DHE_DSS_WITH_AES_128_GCM_SHA256, TLS_ECDHE_ECDSA_WITH_AES_256_CBC_SHA384, TLS_ECDHE_RSA_WITH_AES_256_CBC_SHA384, TLS_ECDHE_ECDSA_WITH_AES_128_CBC_SHA256, TLS_ECDHE_RSA_WITH_AES_128_CBC_SHA256, TLS_DHE_RSA_WITH_AES_256_CBC_SHA256, TLS_DHE_DSS_WITH_AES_256_CBC_SHA256, TLS_DHE_RSA_WITH_AES_128_CBC_SHA256, TLS_DHE_DSS_WITH_AES_128_CBC_SHA256, TLS_ECDH_ECDSA_WITH_AES_256_GCM_SHA384, TLS_ECDH_RSA_WITH_AES_256_GCM_SHA384, TLS_ECDH_ECDSA_WITH_AES_128_GCM_SHA256, TLS_ECDH_RSA_WITH_AES_128_GCM_SHA256, TLS_ECDH_ECDSA_WITH_AES_256_CBC_SHA384, TLS_ECDH_RSA_WITH_AES_256_CBC_SHA384, TLS_ECDH_ECDSA_WITH_AES_128_CBC_SHA256, TLS_ECDH_RSA_WITH_AES_128_CBC_SHA256, TLS_ECDHE_ECDSA_WITH_AES_256_CBC_SHA, TLS_ECDHE_RSA_WITH_AES_256_CBC_SHA, TLS_ECDHE_ECDSA_WITH_AES_128_CBC_SHA, TLS_ECDHE_RSA_WITH_AES_128_CBC_SHA, TLS_DHE_RSA_WITH_AES_256_CBC_SHA, TLS_DHE_DSS_WITH_AES_256_CBC_SHA, TLS_DHE_RSA_WITH_AES_128_CBC_SHA, TLS_DHE_DSS_WITH_AES_128_CBC_SHA, TLS_ECDH_ECDSA_WITH_AES_256_CBC_SHA, TLS_ECDH_RSA_WITH_AES_256_CBC_SHA, TLS_ECDH_ECDSA_WITH_AES_128_CBC_SHA, TLS_ECDH_RSA_WITH_AES_128_CBC_SHA, TLS_RSA_WITH_AES_256_GCM_SHA384, TLS_RSA_WITH_AES_128_GCM_SHA256, TLS_RSA_WITH_AES_256_CBC_SHA256, TLS_RSA_WITH_AES_128_CBC_SHA256, TLS_RSA_WITH_AES_256_CBC_SHA, TLS_RSA_WITH_AES_128_CBC_SHA, TLS_EMPTY_RENEGOTIATION_INFO_SCSV]
2023-04-05 00:10:32,479 DEBUG [main] SSLConnectionSocketFactory:395 - Starting handshake
2023-04-05 00:10:32,618 DEBUG [main] SSLConnectionSocketFactory:425 - Secure session established
2023-04-05 00:10:32,619 DEBUG [main] SSLConnectionSocketFactory:426 -  negotiated protocol: TLSv1.3
2023-04-05 00:10:32,619 DEBUG [main] SSLConnectionSocketFactory:427 -  negotiated cipher suite: TLS_AES_128_GCM_SHA256
2023-04-05 00:10:32,621 DEBUG [main] SSLConnectionSocketFactory:435 -  peer principal: CN=*.github.io, O="GitHub, Inc.", L=San Francisco, ST=California, C=US
2023-04-05 00:10:32,621 DEBUG [main] SSLConnectionSocketFactory:444 -  peer alternative names: [*.github.io, github.io, *.github.com, github.com, www.github.com, *.githubusercontent.com, githubusercontent.com]
2023-04-05 00:10:32,621 DEBUG [main] SSLConnectionSocketFactory:448 -  issuer principal: CN=DigiCert TLS RSA SHA256 2020 CA1, O=DigiCert Inc, C=US
2023-04-05 00:10:32,622 DEBUG [main] DefaultHttpClientConnectionOperator:146 - Connection established 10.0.0.9:56218<->185.199.109.133:443
2023-04-05 00:10:32,623 DEBUG [main] DefaultManagedHttpClientConnection:88 - http-outgoing-0: set socket timeout to 30000
2023-04-05 00:10:32,623 DEBUG [main] MainClientExec:256 - Executing request GET /bonigarcia/webdrivermanager/master/src/main/resources/versions.properties HTTP/1.1
2023-04-05 00:10:32,623 DEBUG [main] MainClientExec:261 - Target auth state: UNCHALLENGED
2023-04-05 00:10:32,623 DEBUG [main] MainClientExec:267 - Proxy auth state: UNCHALLENGED
2023-04-05 00:10:32,624 DEBUG [main] headers:133 - http-outgoing-0 >> GET /bonigarcia/webdrivermanager/master/src/main/resources/versions.properties HTTP/1.1
2023-04-05 00:10:32,624 DEBUG [main] headers:136 - http-outgoing-0 >> User-Agent: Apache-HttpClient/4.5.6
2023-04-05 00:10:32,625 DEBUG [main] headers:136 - http-outgoing-0 >> Connection: keep-alive
2023-04-05 00:10:32,625 DEBUG [main] headers:136 - http-outgoing-0 >> Host: raw.githubusercontent.com
2023-04-05 00:10:32,625 DEBUG [main] headers:136 - http-outgoing-0 >> Accept-Encoding: gzip,deflate
2023-04-05 00:10:32,625 DEBUG [main] wire:73 - http-outgoing-0 >> "GET /bonigarcia/webdrivermanager/master/src/main/resources/versions.properties HTTP/1.1[\r][\n]"
2023-04-05 00:10:32,625 DEBUG [main] wire:73 - http-outgoing-0 >> "User-Agent: Apache-HttpClient/4.5.6[\r][\n]"
2023-04-05 00:10:32,625 DEBUG [main] wire:73 - http-outgoing-0 >> "Connection: keep-alive[\r][\n]"
2023-04-05 00:10:32,625 DEBUG [main] wire:73 - http-outgoing-0 >> "Host: raw.githubusercontent.com[\r][\n]"
2023-04-05 00:10:32,625 DEBUG [main] wire:73 - http-outgoing-0 >> "Accept-Encoding: gzip,deflate[\r][\n]"
2023-04-05 00:10:32,625 DEBUG [main] wire:73 - http-outgoing-0 >> "[\r][\n]"
2023-04-05 00:10:32,707 DEBUG [main] wire:73 - http-outgoing-0 << "HTTP/1.1 200 OK[\r][\n]"
2023-04-05 00:10:32,707 DEBUG [main] wire:73 - http-outgoing-0 << "Connection: keep-alive[\r][\n]"
2023-04-05 00:10:32,708 DEBUG [main] wire:73 - http-outgoing-0 << "Content-Length: 1518[\r][\n]"
2023-04-05 00:10:32,708 DEBUG [main] wire:73 - http-outgoing-0 << "Cache-Control: max-age=300[\r][\n]"
2023-04-05 00:10:32,709 DEBUG [main] wire:73 - http-outgoing-0 << "Content-Security-Policy: default-src 'none'; style-src 'unsafe-inline'; sandbox[\r][\n]"
2023-04-05 00:10:32,710 DEBUG [main] wire:73 - http-outgoing-0 << "Content-Type: text/plain; charset=utf-8[\r][\n]"
2023-04-05 00:10:32,710 DEBUG [main] wire:73 - http-outgoing-0 << "ETag: W/"aa9f6ffc9b33125c0eddcce9c6bfc4ac1e3a2daab94f86ab158fda644e0d11e7"[\r][\n]"
2023-04-05 00:10:32,711 DEBUG [main] wire:73 - http-outgoing-0 << "Strict-Transport-Security: max-age=31536000[\r][\n]"
2023-04-05 00:10:32,711 DEBUG [main] wire:73 - http-outgoing-0 << "X-Content-Type-Options: nosniff[\r][\n]"
2023-04-05 00:10:32,711 DEBUG [main] wire:73 - http-outgoing-0 << "X-Frame-Options: deny[\r][\n]"
2023-04-05 00:10:32,712 DEBUG [main] wire:73 - http-outgoing-0 << "X-XSS-Protection: 1; mode=block[\r][\n]"
2023-04-05 00:10:32,712 DEBUG [main] wire:73 - http-outgoing-0 << "X-GitHub-Request-Id: 2362:40BF:1EB2D:344B3:642CD68E[\r][\n]"
2023-04-05 00:10:32,712 DEBUG [main] wire:73 - http-outgoing-0 << "Content-Encoding: gzip[\r][\n]"
2023-04-05 00:10:32,712 DEBUG [main] wire:73 - http-outgoing-0 << "Accept-Ranges: bytes[\r][\n]"
2023-04-05 00:10:32,712 DEBUG [main] wire:73 - http-outgoing-0 << "Date: Wed, 05 Apr 2023 04:10:32 GMT[\r][\n]"
2023-04-05 00:10:32,713 DEBUG [main] wire:73 - http-outgoing-0 << "Via: 1.1 varnish[\r][\n]"
2023-04-05 00:10:32,713 DEBUG [main] wire:73 - http-outgoing-0 << "X-Served-By: cache-bos4625-BOS[\r][\n]"
2023-04-05 00:10:32,713 DEBUG [main] wire:73 - http-outgoing-0 << "X-Cache: HIT[\r][\n]"
2023-04-05 00:10:32,713 DEBUG [main] wire:73 - http-outgoing-0 << "X-Cache-Hits: 1[\r][\n]"
2023-04-05 00:10:32,714 DEBUG [main] wire:73 - http-outgoing-0 << "X-Timer: S1680667832.425968,VS0,VE66[\r][\n]"
2023-04-05 00:10:32,714 DEBUG [main] wire:73 - http-outgoing-0 << "Vary: Authorization,Accept-Encoding,Origin[\r][\n]"
2023-04-05 00:10:32,714 DEBUG [main] wire:73 - http-outgoing-0 << "Access-Control-Allow-Origin: *[\r][\n]"
2023-04-05 00:10:32,714 DEBUG [main] wire:73 - http-outgoing-0 << "X-Fastly-Request-ID: 8186c8eceebafba47a37b50404bdfb0d544472ee[\r][\n]"
2023-04-05 00:10:32,714 DEBUG [main] wire:73 - http-outgoing-0 << "Expires: Wed, 05 Apr 2023 04:15:32 GMT[\r][\n]"
2023-04-05 00:10:32,714 DEBUG [main] wire:73 - http-outgoing-0 << "Source-Age: 0[\r][\n]"
2023-04-05 00:10:32,715 DEBUG [main] wire:73 - http-outgoing-0 << "[\r][\n]"
2023-04-05 00:10:32,717 DEBUG [main] headers:122 - http-outgoing-0 << HTTP/1.1 200 OK
2023-04-05 00:10:32,717 DEBUG [main] headers:125 - http-outgoing-0 << Connection: keep-alive
2023-04-05 00:10:32,717 DEBUG [main] headers:125 - http-outgoing-0 << Content-Length: 1518
2023-04-05 00:10:32,717 DEBUG [main] headers:125 - http-outgoing-0 << Cache-Control: max-age=300
2023-04-05 00:10:32,718 DEBUG [main] headers:125 - http-outgoing-0 << Content-Security-Policy: default-src 'none'; style-src 'unsafe-inline'; sandbox
2023-04-05 00:10:32,718 DEBUG [main] headers:125 - http-outgoing-0 << Content-Type: text/plain; charset=utf-8
2023-04-05 00:10:32,718 DEBUG [main] headers:125 - http-outgoing-0 << ETag: W/"aa9f6ffc9b33125c0eddcce9c6bfc4ac1e3a2daab94f86ab158fda644e0d11e7"
2023-04-05 00:10:32,718 DEBUG [main] headers:125 - http-outgoing-0 << Strict-Transport-Security: max-age=31536000
2023-04-05 00:10:32,718 DEBUG [main] headers:125 - http-outgoing-0 << X-Content-Type-Options: nosniff
2023-04-05 00:10:32,718 DEBUG [main] headers:125 - http-outgoing-0 << X-Frame-Options: deny
2023-04-05 00:10:32,718 DEBUG [main] headers:125 - http-outgoing-0 << X-XSS-Protection: 1; mode=block
2023-04-05 00:10:32,718 DEBUG [main] headers:125 - http-outgoing-0 << X-GitHub-Request-Id: 2362:40BF:1EB2D:344B3:642CD68E
2023-04-05 00:10:32,718 DEBUG [main] headers:125 - http-outgoing-0 << Content-Encoding: gzip
2023-04-05 00:10:32,718 DEBUG [main] headers:125 - http-outgoing-0 << Accept-Ranges: bytes
2023-04-05 00:10:32,718 DEBUG [main] headers:125 - http-outgoing-0 << Date: Wed, 05 Apr 2023 04:10:32 GMT
2023-04-05 00:10:32,718 DEBUG [main] headers:125 - http-outgoing-0 << Via: 1.1 varnish
2023-04-05 00:10:32,718 DEBUG [main] headers:125 - http-outgoing-0 << X-Served-By: cache-bos4625-BOS
2023-04-05 00:10:32,719 DEBUG [main] headers:125 - http-outgoing-0 << X-Cache: HIT
2023-04-05 00:10:32,719 DEBUG [main] headers:125 - http-outgoing-0 << X-Cache-Hits: 1
2023-04-05 00:10:32,719 DEBUG [main] headers:125 - http-outgoing-0 << X-Timer: S1680667832.425968,VS0,VE66
2023-04-05 00:10:32,719 DEBUG [main] headers:125 - http-outgoing-0 << Vary: Authorization,Accept-Encoding,Origin
2023-04-05 00:10:32,719 DEBUG [main] headers:125 - http-outgoing-0 << Access-Control-Allow-Origin: *
2023-04-05 00:10:32,719 DEBUG [main] headers:125 - http-outgoing-0 << X-Fastly-Request-ID: 8186c8eceebafba47a37b50404bdfb0d544472ee
2023-04-05 00:10:32,719 DEBUG [main] headers:125 - http-outgoing-0 << Expires: Wed, 05 Apr 2023 04:15:32 GMT
2023-04-05 00:10:32,719 DEBUG [main] headers:125 - http-outgoing-0 << Source-Age: 0
2023-04-05 00:10:32,721 DEBUG [main] MainClientExec:285 - Connection can be kept alive indefinitely
2023-04-05 00:10:32,735 DEBUG [main] wire:73 - http-outgoing-0 << "[0x1f][0x8b][0x8][0x0][0x0][0x0][0x0][0x0][0x0][0x3][0x8d][0x97][0xcb]n[0xeb]8[0xc][0x86][0xf7]}[\n]"
2023-04-05 00:10:32,735 DEBUG [main] wire:73 - http-outgoing-0 << "[0x3]g]EWJ*[0xa0][0xcd]\W[0x83]Y[0xcc][0xbc]@[0x9a][0xb8][0xa9]q[0xd2][0xb8][0xb0][0xd3][0xd3][0x83]y[0xfa][0xa1].[0x94][0x15][0xe5][0xc]0[0x8b][0xa0][0xe5]gY"%[0x91][0xfe][0xf9]e[0xf8][0xfb]uZ[0x87][0x97][0xe9]<[0xe][0x87][0xf9]r[0xdd]O[0x97]u[0xb8][0xbe][0x8e][0xc3][0xd7][0xcb][0xfc]y[0x19][0x8e][0xcb][0xf4]m\[0x6][0xfc][0xad][0xd3][0x8c]O[0xe][0xf3][0xdb][0xfb][0xfe]:=[0xe3][0xe8][0xcf][0xe9][0xfa][0x9a]F[0x1e][0xe6]e[0x19][0xd7][0xf7][0xf9]r[0x9c].[0xa7][0xe1]y[0x99]?[0xd7][0xed][0x95][0x87][0x87]/[0xc3]O[0x19]=[\r][0xbf][0xcf][0xf3][0x9][0xdf][0xfc][0xf9]u[0x99][0xdf][0xc6]a9[0xe6][0xa7][0x8f][0xb7][0xe1]q[0xf8]%-[0xf5]4[0x1c][0xd2][0xd3][0xbc]0[0xbe][0xfc][0xd7][0xfc][0xb1][0x1c][0xc6][0xa7][0xe1][0xf5]z}[0xda][0xed][0xda][0xa7][0xec]P[0xde]f[0xf3]r[0xda][0x1d][0xd1][0xdf][0xf3][0xbc]?[0xae][0xf]y[0x8c][0x10]2[0xe0][0x8f]qf@[0x18]&][0xe5][0x2][0xb9][0x88][0xdc][0x80]b[0xa0]+[0xe7][0xc8]y[0xe4][0xda][0x9]f-q[0xee][0x3][0xfe][0x12][0x17][0x9a][0xd9]:[0x9e];[0xe4].re<[0xb3][0xa2]r[0x8b][0xdc]&[0xce]5[0x3]Y9 [0x87][0xc8][0xa5][0xf6][0xc][0xb6][0xf1][0x6][0xb9][0x89]\x[0x83][0xf]+[0xd7][0xc8]u[0xe2][0x18][0x86][0xf5][0x95]+[0xe4]*r[0xe][0x9c][0x9][0xb5]9[0x84][0x1][0xf3][0x14]0[0xc7][0xf9][0x9a][0x5]0`[0x1e][0x3][0xd6][0xde][0x8][0xa6]7[0x8e][0x1][0xf3][0x18][0xb0]v[0x1e][0x18][0xf0][0xc2][0xbd][0xf][0xde]'[0xaa]5[0xae]M[0xd4][0x5][0x1f][0x83][0xd5][0xd6]8[0x86][0xcb][0x10][0xb6][0xc1][0xc7]X5x[0xb9][0xed][0x81][0x87][0xe0]!Q[0xd0]L[0x1b][0xa2]&x[0x93][0xa8]r[0xc]([0x1e][0xaf][0x83][0xd7][0x89][0xe2][0xe6][0x8][0xa1][0x8][0xab][0xe0]c[0x90][0xda]X[0xcb][0xa0]R[0x19][0xbc]L[0x14][0x8f][0x14]w[0x99][0xb0][0x8]>[0x5][0xa8][0xad]D\[0xdd][0xe0][0xc1][0xa7][0xf8][0xb4][0xe2]L[0xd2]>9[0x1f]\[0x8a]O[0xe1][0x1f]I3;[0x17]\[0x8a]OI[0xcd]<[0x10][0xb5][0xc1][0xa5][0xf0][0xa4][0xe3][0xcc][0xd1][0x15]r[0x10]\[\n]"
2023-04-05 00:10:32,735 DEBUG [main] wire:73 - http-outgoing-0 << "Oj[0x9c][0x97][0xb6][0xc2][0x99][0xe0]Rx[0xc2])[0xe6][0xc8]5[0xa7][0x83]K[0xe1][0x9]m[0x99][0xa2]=v*[0xb8][0x14]]<IE[[0xe1]Dp)[0xc][0x8e];/T][0x8e][0x7][0x17][0xc3]P[0x1e]}[0xc1]+T[0xb0][0xf5][0xc1][0xfa][0x84][0xb5]a[0xaa]R[0x17][0xac]K[0x14][0xef][0xe][0xde]+[0xc2]6[0xd8][0x18][0x88]r`p~[0xa2][0x10],$[0x8a][0x17]\[0xc8]:[0x87][0x9]6F[0xa2][0xac][0xc5][0xb][0xb6][0x8d][0xd6][0xc1][0xea][0x84]%[0xde]_[0x82]*[0xd8][0x18][0x89][0x2][0xc][0x8][0xc8]e+[0x83][0xc4][0x13]%K[0xdc]X<Z[0xe4][0x18][0xf8]h[0xd1][0xd9][0x80][0x8b][0x16][0xed]([0xd8]h[0xd1]i[0x2]D[0x8b][0x9c][0x1][0x83]V[0xdd]"[0xd0][0xd1][0xa2]=[0x7][0x15]-Z[0xf][0xa2]/[0xaa][0xae][0x17]}[0xa9]9[0x3][0xd1][0x17][0xa5]n[0xaa][0xd4][0x1f][0xf3]?[0xd3][0xf9][0xbc][0x1f]~[0x9b][0x96][0xf1]e[0xfe][0xde][0x94][0xa6][0xd3]x[0xf8]:[0xff][0xb0]2[0xad]X[0x9a]NX[0x10]?[0x9e][0x19][0x96][0xc8][0xdd][[0x9e]b[0xd7][0xbc][0xb0][[0xc6][0xf3][0xb8]_[0xc7][0xf5][0xe1]%[0xcf][0x1b][0xeb][0x10]n[0x9b]dr#[0xbc]'X{[0x12][0xe1][0x1b]qw[0xc4][0xde][0x11][0xb8]#[0xe6][0x8e][0xe8]HDK[0xd4][0x1d][0x91]wD[0xdc][0x11][0xde][0x11][0xef]{[0xe0]z`{[0x0]=0=[0xe8][0xbd][0xf5][0xbd][0xb3][0xbe][0xf7][0xd5][0xf7][0xae][0xfa][0xe8])[0xde][0xdc][0x6][0xb0][0xf3]t[0xf9][0xf8][0x9e][0xb1] [0xec]|7[0xce][0xb9][0x1e][0xd8][0x1e]@[0xf]L[0xf]t[0xf]b[0x0][0xd2]5@[0xf6] [0x6] m[0x3]x[0x7][0xac][0xef]A[0xf2][0x14][0x1a]`{[0x0]=0=[0xd0]=P=[0x90]=[0x10]=[0xe0][0x1d][0x0][0xdf][0x83][0xe4][0xa9]i@[0xf2]T7[0x0]z`z[0x90]<U[\r]P=H[0x9e]6[0xd7][0x1e][0x92][0xa7][0xcd][0xa5][0x0][0xde][0x1][0xe3]{[0xe0]z`{[0x90]<[0xe5][\r]0[0x4][0xda][0xba][0xf2][0xe7][0xfb][0xb8][0xec][0x9b]j2G[0xfb][0xff]T[0x93]4p[0x9d]_[0xae][0x9f][0xfb]e[0xcc][0x16])[0x9f][0xbe][0xb6][0xa4][0x87][0x98]_[0xad][0xc0]1[0x85]B+o0o[0xb]6[0xad][0xba][0x11][0x92][0xb0]n[0xc5][0x8d][0xf7][0x85][0xaa]V[0xda][0xe0][0xf7]0S[0xd9][\n]"
2023-04-05 00:10:32,736 DEBUG [main] wire:73 - http-outgoing-0 << "[0x1b]!h[0xb0]huM[0x94][0xc][0x19][0xf3]V[0xd6]8[0x91][0xa9][0xf3][0xad][0xa8][0x1]([0xd4]u[0x8a]&S[0xdb][0xea][0x19][0x14]p[0x99]B[0xab]f[0x84][0xb4][0x5][0x9b][5[0x93][0xa1]n[0xc4][0x8c]+[0x8e]aF[0xde]H[0x99][0xc][0xe5][0xad][0x92][0xc9]P4B[0xc6][0xd0][0xfa][0xbc][0xd1]1[0xe4]*f[0xe8][0x8d][0x8a][0xc9][0xd0]u"&S[0xdb]h[0x18]K[0x10][0x1a][0x5][0xe3][0xca][0xf2][0x98][0xb2][0x9b][0x80]![0xef]1m7[0xfd][0x82][0x1b]\[0xa8]j[0xf4][0xb][0xd0][0xa4][0xb2][0x91]/[0xae][0x1c]8[0xe6][0xf0][0xa6]^[0xea]aa"o[0xea][0xc5][0x95][0x83][0xc5]d[0xde][0xc4][0x8b]/[0x93]bB7[0xda]E[0x94]P1[0xab][[0xe9]R[0xd6][0xc2][0xd4][0xde][0x94][0x8b][0xa5]YM#\[0x1c][0xcd][0xaa][0x1b][0xd9]R/'[0xe6]y#[T[0xf1][0x15][0x93][0xbd]Q-u[0xad][0xa2]6[0x92]a|k[0x14][0xad][0x91][0x8d]"5[0xb2]Q[0x94]F6[0x8a][0xd0][0xc8]F[0xd1][0x19][0xd9](2#[0x1b]EedCdY[0x91][\r][0xde][0x18]:z@[0x1e][0xeb][0xe8][0x81]*[0xeb][0xe8][0xe8][0x81],[0x9b][0xa1]![0x1b]7[0xba]d:,s,[0x3][0xc3][0xaf][0xc7][0xd3][0xd8][0x14][0x92][0xb7]uD[0xf0][0x9f][0x95][0xe4]8~[0x1b][0xcf]qV[0xf6]F3[0xa4][0xb2]2^[0x1e]?[0xd6]]e[0x8f]q[0x92][0xdd]u[0x9e][0xcf][0xeb][0xee]s|.[0x95][0xe5]![0xd2][0xad][0x95][0x12]`cY[0xcb][0x90][0xfa]([0x1]1e[0xb][0xa4]&J[0x18]<q[0xdc][0x8f]Dk[0xb]%[0x8c]p[0xcc][0xba]B[0xa9][0x81][0x12][0x1a][0xf0][0xca][0x97][0x19]j[0xfb][0x84][0xc2][0xd3][0xd2]Z[0xb5]w[0x12][0xca][0xc6][0xf]I[0xa1][0xd4]9a[0x13][0xa4][0xb0]&[0x15]J}[0x93][0x90][0x98]{[0x96]f[0xa0][0xae][0x9]e[0xae][0x8e][0xf9][0x95])[0xb5]LB[0xe2]UD[0x19][0x9a])5LB[\n]"
2023-04-05 00:10:32,736 DEBUG [main] wire:87 - http-outgoing-0 << "[0xbe][0xcd]K[0xed][0x92][0x10][0x98])([0xda]#[0xa5]fI[0x8][0x13]S?[0xb3][0xd2]*[0x89][0x18][0x1d][0xf6][0x89][0x95]>[0x9]C[0x93][0x95][0x95].[0x9]c[0xd0][0x95][0x95][0x1e][0x9][0xbd][0xaa]+S[0x87][0xe4][0xb1]j([0x91]Q[0xe9][0x8e]<[0x88]x[0xb5][0x12]*[0xad][0x91][0xe7][0xdb][0x2][0xa5]-r[0xb1]v[0x95][0x17]KK[0xe4]0[0xb0]L[0xa8][0x1d][0xb2][0xa8][0xed][0xf3][0xc1]P+dqo[0xcb]k[0xd4][0x7][0x1][0xf8]r$[0xd4][0x3][0x1]~^!"
2023-04-05 00:10:32,736 DEBUG [main] wire:73 - http-outgoing-0 << "[0xef][0x5]5@&np[0x19]U[0xba][0x1f][0x93][0xbe][0xdb][0x89]P[0xe7][0x83][0xc9]n[0xca]zX[0x8f]r=[0xf4][0xe4][0x13]5B[0x2][0xe8][0xa8]j[0x13][0x84][0x11][0xe3][0xb5]K[0xac]v@B[0x95][0xd9][0xa9][0xfb][0x91][0x96][0xae][0xe]5>RUR[0x9a][0x9e]X[0xe8][\n]"
2023-04-05 00:10:32,736 DEBUG [main] wire:87 - http-outgoing-0 << ")[0xfd][0x8e]P[0xd8][0x10]f[0xa4]ux_[0xc6][0xc7][0xe9][0xb2]^[0xf7][0xe7][0xf3]x[0xcc]P[0x6][0xfc][0xb2][0xd8][0xd8]r'S[0x4],J }[0xe]_[0xf3][0x80][0x95][0xf][0xbf]_[0xf9]<[0x94][0xb]XH[0xb5][0xf2][0xd9][0x94][0xb1][0x8c][0xe0]I[0xbb]|G$^[0xa6]x[0xc8]Xe[0xfe][0x5]-[0x15][0xbb][0x80][0x83][0x11][0x0][0x0]"
2023-04-05 00:10:32,737 DEBUG [main] PoolingHttpClientConnectionManager:341 - Connection [id: 0][route: {s}->https://raw.githubusercontent.com:443] can be kept alive indefinitely
2023-04-05 00:10:32,737 DEBUG [main] DefaultManagedHttpClientConnection:88 - http-outgoing-0: set socket timeout to 0
2023-04-05 00:10:32,737 DEBUG [main] PoolingHttpClientConnectionManager:348 - Connection released: [id: 0][route: {s}->https://raw.githubusercontent.com:443][total kept alive: 1; route allocated: 1 of 2; total allocated: 1 of 20]
2023-04-05 00:10:36,583  INFO [main] HomePage:22 - this is home page
2023-04-05 00:10:40,121  INFO [main] HomePage:22 - this is home page
2023-04-05 00:10:42,976  INFO [main] HomePage:22 - this is home page
2023-04-05 00:10:45,902  INFO [main] HomePage:22 - this is home page
2023-04-05 00:20:28,773  INFO [main] HomePage:22 - this is home page
2023-04-05 00:20:28,810  INFO [main] Listeners:32 - Successfully passed testcase:TestTitle
2023-04-05 00:20:32,163  INFO [main] HomePage:22 - this is home page
2023-04-05 00:20:32,626  INFO [main] Listeners:32 - Successfully passed testcase:VerifyLoginTitleTest
2023-04-05 00:20:33,128 DEBUG [main] cache:45 - Couldn't find template in cache for "spark/spark.spa.ftl"("en_US", UTF-8, parsed); will try to load it.
2023-04-05 00:20:33,129 DEBUG [main] cache:45 - TemplateLoader.findTemplateSource("spark/spark.spa_en_US.ftl"): Not found
2023-04-05 00:20:33,132 DEBUG [main] cache:45 - TemplateLoader.findTemplateSource("spark/spark.spa_en.ftl"): Not found
2023-04-05 00:20:33,134 DEBUG [main] cache:45 - TemplateLoader.findTemplateSource("spark/spark.spa.ftl"): Found
2023-04-05 00:20:33,134 DEBUG [main] cache:45 - Loading template for "spark/spark.spa.ftl"("en_US", UTF-8, parsed) from "jar:file:/C:/Users/nazia/.m2/repository/com/aventstack/extentreports/5.0.9/extentreports-5.0.9.jar!/com/aventstack/extentreports/templates/spark/spark.spa.ftl"
2023-04-05 00:20:33,181 DEBUG [main] cache:45 - Couldn't find template in cache for "commons/commons-variables.ftl"("en_US", UTF-8, parsed); will try to load it.
2023-04-05 00:20:33,182 DEBUG [main] cache:45 - TemplateLoader.findTemplateSource("commons/commons-variables_en_US.ftl"): Not found
2023-04-05 00:20:33,182 DEBUG [main] cache:45 - TemplateLoader.findTemplateSource("commons/commons-variables_en.ftl"): Not found
2023-04-05 00:20:33,182 DEBUG [main] cache:45 - TemplateLoader.findTemplateSource("commons/commons-variables.ftl"): Found
2023-04-05 00:20:33,182 DEBUG [main] cache:45 - Loading template for "commons/commons-variables.ftl"("en_US", UTF-8, parsed) from "jar:file:/C:/Users/nazia/.m2/repository/com/aventstack/extentreports/5.0.9/extentreports-5.0.9.jar!/com/aventstack/extentreports/templates/commons/commons-variables.ftl"
2023-04-05 00:20:33,248 DEBUG [main] cache:45 - Couldn't find template in cache for "commons/commons-macros.ftl"("en_US", UTF-8, parsed); will try to load it.
2023-04-05 00:20:33,249 DEBUG [main] cache:45 - TemplateLoader.findTemplateSource("commons/commons-macros_en_US.ftl"): Not found
2023-04-05 00:20:33,250 DEBUG [main] cache:45 - TemplateLoader.findTemplateSource("commons/commons-macros_en.ftl"): Not found
2023-04-05 00:20:33,251 DEBUG [main] cache:45 - TemplateLoader.findTemplateSource("commons/commons-macros.ftl"): Found
2023-04-05 00:20:33,251 DEBUG [main] cache:45 - Loading template for "commons/commons-macros.ftl"("en_US", UTF-8, parsed) from "jar:file:/C:/Users/nazia/.m2/repository/com/aventstack/extentreports/5.0.9/extentreports-5.0.9.jar!/com/aventstack/extentreports/templates/commons/commons-macros.ftl"
2023-04-05 00:20:33,255 DEBUG [main] cache:45 - Couldn't find template in cache for "spark/macros/attributes.ftl"("en_US", UTF-8, parsed); will try to load it.
2023-04-05 00:20:33,256 DEBUG [main] cache:45 - TemplateLoader.findTemplateSource("spark/macros/attributes_en_US.ftl"): Not found
2023-04-05 00:20:33,256 DEBUG [main] cache:45 - TemplateLoader.findTemplateSource("spark/macros/attributes_en.ftl"): Not found
2023-04-05 00:20:33,257 DEBUG [main] cache:45 - TemplateLoader.findTemplateSource("spark/macros/attributes.ftl"): Found
2023-04-05 00:20:33,257 DEBUG [main] cache:45 - Loading template for "spark/macros/attributes.ftl"("en_US", UTF-8, parsed) from "jar:file:/C:/Users/nazia/.m2/repository/com/aventstack/extentreports/5.0.9/extentreports-5.0.9.jar!/com/aventstack/extentreports/templates/spark/macros/attributes.ftl"
2023-04-05 00:20:33,259 DEBUG [main] cache:45 - Couldn't find template in cache for "spark/macros/log.ftl"("en_US", UTF-8, parsed); will try to load it.
2023-04-05 00:20:33,259 DEBUG [main] cache:45 - TemplateLoader.findTemplateSource("spark/macros/log_en_US.ftl"): Not found
2023-04-05 00:20:33,260 DEBUG [main] cache:45 - TemplateLoader.findTemplateSource("spark/macros/log_en.ftl"): Not found
2023-04-05 00:20:33,260 DEBUG [main] cache:45 - TemplateLoader.findTemplateSource("spark/macros/log.ftl"): Found
2023-04-05 00:20:33,261 DEBUG [main] cache:45 - Loading template for "spark/macros/log.ftl"("en_US", UTF-8, parsed) from "jar:file:/C:/Users/nazia/.m2/repository/com/aventstack/extentreports/5.0.9/extentreports-5.0.9.jar!/com/aventstack/extentreports/templates/spark/macros/log.ftl"
2023-04-05 00:20:33,263 DEBUG [main] cache:45 - Couldn't find template in cache for "spark/macros/recurse_nodes.ftl"("en_US", UTF-8, parsed); will try to load it.
2023-04-05 00:20:33,263 DEBUG [main] cache:45 - TemplateLoader.findTemplateSource("spark/macros/recurse_nodes_en_US.ftl"): Not found
2023-04-05 00:20:33,264 DEBUG [main] cache:45 - TemplateLoader.findTemplateSource("spark/macros/recurse_nodes_en.ftl"): Not found
2023-04-05 00:20:33,265 DEBUG [main] cache:45 - TemplateLoader.findTemplateSource("spark/macros/recurse_nodes.ftl"): Found
2023-04-05 00:20:33,265 DEBUG [main] cache:45 - Loading template for "spark/macros/recurse_nodes.ftl"("en_US", UTF-8, parsed) from "jar:file:/C:/Users/nazia/.m2/repository/com/aventstack/extentreports/5.0.9/extentreports-5.0.9.jar!/com/aventstack/extentreports/templates/spark/macros/recurse_nodes.ftl"
2023-04-05 00:20:33,269 DEBUG [main] cache:45 - "spark/macros/log.ftl"("en_US", UTF-8, parsed) cached copy not yet stale; using cached.
2023-04-05 00:20:33,269 DEBUG [main] cache:45 - Couldn't find template in cache for "spark/macros/attr-common.ftl"("en_US", UTF-8, parsed); will try to load it.
2023-04-05 00:20:33,270 DEBUG [main] cache:45 - TemplateLoader.findTemplateSource("spark/macros/attr-common_en_US.ftl"): Not found
2023-04-05 00:20:33,270 DEBUG [main] cache:45 - TemplateLoader.findTemplateSource("spark/macros/attr-common_en.ftl"): Not found
2023-04-05 00:20:33,270 DEBUG [main] cache:45 - TemplateLoader.findTemplateSource("spark/macros/attr-common.ftl"): Found
2023-04-05 00:20:33,270 DEBUG [main] cache:45 - Loading template for "spark/macros/attr-common.ftl"("en_US", UTF-8, parsed) from "jar:file:/C:/Users/nazia/.m2/repository/com/aventstack/extentreports/5.0.9/extentreports-5.0.9.jar!/com/aventstack/extentreports/templates/spark/macros/attr-common.ftl"
2023-04-05 00:20:33,279 DEBUG [main] cache:45 - Couldn't find template in cache for "spark/partials/head.ftl"("en_US", UTF-8, parsed); will try to load it.
2023-04-05 00:20:33,280 DEBUG [main] cache:45 - TemplateLoader.findTemplateSource("spark/partials/head_en_US.ftl"): Not found
2023-04-05 00:20:33,281 DEBUG [main] cache:45 - TemplateLoader.findTemplateSource("spark/partials/head_en.ftl"): Not found
2023-04-05 00:20:33,282 DEBUG [main] cache:45 - TemplateLoader.findTemplateSource("spark/partials/head.ftl"): Found
2023-04-05 00:20:33,282 DEBUG [main] cache:45 - Loading template for "spark/partials/head.ftl"("en_US", UTF-8, parsed) from "jar:file:/C:/Users/nazia/.m2/repository/com/aventstack/extentreports/5.0.9/extentreports-5.0.9.jar!/com/aventstack/extentreports/templates/spark/partials/head.ftl"
2023-04-05 00:20:33,284 DEBUG [main] cache:45 - Couldn't find template in cache for "commons/commons-inject-css.ftl"("en_US", UTF-8, parsed); will try to load it.
2023-04-05 00:20:33,285 DEBUG [main] cache:45 - TemplateLoader.findTemplateSource("commons/commons-inject-css_en_US.ftl"): Not found
2023-04-05 00:20:33,285 DEBUG [main] cache:45 - TemplateLoader.findTemplateSource("commons/commons-inject-css_en.ftl"): Not found
2023-04-05 00:20:33,286 DEBUG [main] cache:45 - TemplateLoader.findTemplateSource("commons/commons-inject-css.ftl"): Found
2023-04-05 00:20:33,287 DEBUG [main] cache:45 - Loading template for "commons/commons-inject-css.ftl"("en_US", UTF-8, parsed) from "jar:file:/C:/Users/nazia/.m2/repository/com/aventstack/extentreports/5.0.9/extentreports-5.0.9.jar!/com/aventstack/extentreports/templates/commons/commons-inject-css.ftl"
2023-04-05 00:20:33,288 DEBUG [main] cache:45 - Couldn't find template in cache for "spark/partials/navbar.ftl"("en_US", UTF-8, parsed); will try to load it.
2023-04-05 00:20:33,288 DEBUG [main] cache:45 - TemplateLoader.findTemplateSource("spark/partials/navbar_en_US.ftl"): Not found
2023-04-05 00:20:33,289 DEBUG [main] cache:45 - TemplateLoader.findTemplateSource("spark/partials/navbar_en.ftl"): Not found
2023-04-05 00:20:33,289 DEBUG [main] cache:45 - TemplateLoader.findTemplateSource("spark/partials/navbar.ftl"): Found
2023-04-05 00:20:33,289 DEBUG [main] cache:45 - Loading template for "spark/partials/navbar.ftl"("en_US", UTF-8, parsed) from "jar:file:/C:/Users/nazia/.m2/repository/com/aventstack/extentreports/5.0.9/extentreports-5.0.9.jar!/com/aventstack/extentreports/templates/spark/partials/navbar.ftl"
2023-04-05 00:20:33,296 DEBUG [main] cache:45 - Couldn't find template in cache for "spark/partials/sidenav.ftl"("en_US", UTF-8, parsed); will try to load it.
2023-04-05 00:20:33,297 DEBUG [main] cache:45 - TemplateLoader.findTemplateSource("spark/partials/sidenav_en_US.ftl"): Not found
2023-04-05 00:20:33,297 DEBUG [main] cache:45 - TemplateLoader.findTemplateSource("spark/partials/sidenav_en.ftl"): Not found
2023-04-05 00:20:33,297 DEBUG [main] cache:45 - TemplateLoader.findTemplateSource("spark/partials/sidenav.ftl"): Found
2023-04-05 00:20:33,297 DEBUG [main] cache:45 - Loading template for "spark/partials/sidenav.ftl"("en_US", UTF-8, parsed) from "jar:file:/C:/Users/nazia/.m2/repository/com/aventstack/extentreports/5.0.9/extentreports-5.0.9.jar!/com/aventstack/extentreports/templates/spark/partials/sidenav.ftl"
2023-04-05 00:20:33,306 DEBUG [main] cache:45 - Couldn't find template in cache for "spark/partials/test.ftl"("en_US", UTF-8, parsed); will try to load it.
2023-04-05 00:20:33,306 DEBUG [main] cache:45 - TemplateLoader.findTemplateSource("spark/partials/test_en_US.ftl"): Not found
2023-04-05 00:20:33,307 DEBUG [main] cache:45 - TemplateLoader.findTemplateSource("spark/partials/test_en.ftl"): Not found
2023-04-05 00:20:33,307 DEBUG [main] cache:45 - TemplateLoader.findTemplateSource("spark/partials/test.ftl"): Found
2023-04-05 00:20:33,307 DEBUG [main] cache:45 - Loading template for "spark/partials/test.ftl"("en_US", UTF-8, parsed) from "jar:file:/C:/Users/nazia/.m2/repository/com/aventstack/extentreports/5.0.9/extentreports-5.0.9.jar!/com/aventstack/extentreports/templates/spark/partials/test.ftl"
2023-04-05 00:20:33,315 DEBUG [main] cache:45 - Couldn't find template in cache for "spark/partials/standard-content.ftl"("en_US", UTF-8, parsed); will try to load it.
2023-04-05 00:20:33,316 DEBUG [main] cache:45 - TemplateLoader.findTemplateSource("spark/partials/standard-content_en_US.ftl"): Not found
2023-04-05 00:20:33,316 DEBUG [main] cache:45 - TemplateLoader.findTemplateSource("spark/partials/standard-content_en.ftl"): Not found
2023-04-05 00:20:33,317 DEBUG [main] cache:45 - TemplateLoader.findTemplateSource("spark/partials/standard-content.ftl"): Found
2023-04-05 00:20:33,317 DEBUG [main] cache:45 - Loading template for "spark/partials/standard-content.ftl"("en_US", UTF-8, parsed) from "jar:file:/C:/Users/nazia/.m2/repository/com/aventstack/extentreports/5.0.9/extentreports-5.0.9.jar!/com/aventstack/extentreports/templates/spark/partials/standard-content.ftl"
2023-04-05 00:20:33,321 DEBUG [main] cache:45 - "spark/partials/standard-content.ftl"("en_US", UTF-8, parsed) cached copy not yet stale; using cached.
2023-04-05 00:20:33,321 DEBUG [main] cache:45 - Couldn't find template in cache for "spark/partials/exception.ftl"("en_US", UTF-8, parsed); will try to load it.
2023-04-05 00:20:33,321 DEBUG [main] cache:45 - TemplateLoader.findTemplateSource("spark/partials/exception_en_US.ftl"): Not found
2023-04-05 00:20:33,322 DEBUG [main] cache:45 - TemplateLoader.findTemplateSource("spark/partials/exception_en.ftl"): Not found
2023-04-05 00:20:33,322 DEBUG [main] cache:45 - TemplateLoader.findTemplateSource("spark/partials/exception.ftl"): Found
2023-04-05 00:20:33,322 DEBUG [main] cache:45 - Loading template for "spark/partials/exception.ftl"("en_US", UTF-8, parsed) from "jar:file:/C:/Users/nazia/.m2/repository/com/aventstack/extentreports/5.0.9/extentreports-5.0.9.jar!/com/aventstack/extentreports/templates/spark/partials/exception.ftl"
2023-04-05 00:20:33,323 DEBUG [main] cache:45 - Couldn't find template in cache for "spark/partials/category.ftl"("en_US", UTF-8, parsed); will try to load it.
2023-04-05 00:20:33,323 DEBUG [main] cache:45 - TemplateLoader.findTemplateSource("spark/partials/category_en_US.ftl"): Not found
2023-04-05 00:20:33,324 DEBUG [main] cache:45 - TemplateLoader.findTemplateSource("spark/partials/category_en.ftl"): Not found
2023-04-05 00:20:33,324 DEBUG [main] cache:45 - TemplateLoader.findTemplateSource("spark/partials/category.ftl"): Found
2023-04-05 00:20:33,324 DEBUG [main] cache:45 - Loading template for "spark/partials/category.ftl"("en_US", UTF-8, parsed) from "jar:file:/C:/Users/nazia/.m2/repository/com/aventstack/extentreports/5.0.9/extentreports-5.0.9.jar!/com/aventstack/extentreports/templates/spark/partials/category.ftl"
2023-04-05 00:20:33,325 DEBUG [main] cache:45 - Couldn't find template in cache for "spark/partials/device.ftl"("en_US", UTF-8, parsed); will try to load it.
2023-04-05 00:20:33,325 DEBUG [main] cache:45 - TemplateLoader.findTemplateSource("spark/partials/device_en_US.ftl"): Not found
2023-04-05 00:20:33,325 DEBUG [main] cache:45 - TemplateLoader.findTemplateSource("spark/partials/device_en.ftl"): Not found
2023-04-05 00:20:33,325 DEBUG [main] cache:45 - TemplateLoader.findTemplateSource("spark/partials/device.ftl"): Found
2023-04-05 00:20:33,326 DEBUG [main] cache:45 - Loading template for "spark/partials/device.ftl"("en_US", UTF-8, parsed) from "jar:file:/C:/Users/nazia/.m2/repository/com/aventstack/extentreports/5.0.9/extentreports-5.0.9.jar!/com/aventstack/extentreports/templates/spark/partials/device.ftl"
2023-04-05 00:20:33,327 DEBUG [main] cache:45 - Couldn't find template in cache for "spark/partials/author.ftl"("en_US", UTF-8, parsed); will try to load it.
2023-04-05 00:20:33,327 DEBUG [main] cache:45 - TemplateLoader.findTemplateSource("spark/partials/author_en_US.ftl"): Not found
2023-04-05 00:20:33,328 DEBUG [main] cache:45 - TemplateLoader.findTemplateSource("spark/partials/author_en.ftl"): Not found
2023-04-05 00:20:33,329 DEBUG [main] cache:45 - TemplateLoader.findTemplateSource("spark/partials/author.ftl"): Found
2023-04-05 00:20:33,330 DEBUG [main] cache:45 - Loading template for "spark/partials/author.ftl"("en_US", UTF-8, parsed) from "jar:file:/C:/Users/nazia/.m2/repository/com/aventstack/extentreports/5.0.9/extentreports-5.0.9.jar!/com/aventstack/extentreports/templates/spark/partials/author.ftl"
2023-04-05 00:20:33,330 DEBUG [main] cache:45 - Couldn't find template in cache for "spark/partials/log.ftl"("en_US", UTF-8, parsed); will try to load it.
2023-04-05 00:20:33,331 DEBUG [main] cache:45 - TemplateLoader.findTemplateSource("spark/partials/log_en_US.ftl"): Not found
2023-04-05 00:20:33,331 DEBUG [main] cache:45 - TemplateLoader.findTemplateSource("spark/partials/log_en.ftl"): Not found
2023-04-05 00:20:33,331 DEBUG [main] cache:45 - TemplateLoader.findTemplateSource("spark/partials/log.ftl"): Found
2023-04-05 00:20:33,331 DEBUG [main] cache:45 - Loading template for "spark/partials/log.ftl"("en_US", UTF-8, parsed) from "jar:file:/C:/Users/nazia/.m2/repository/com/aventstack/extentreports/5.0.9/extentreports-5.0.9.jar!/com/aventstack/extentreports/templates/spark/partials/log.ftl"
2023-04-05 00:20:33,332 DEBUG [main] cache:45 - Couldn't find template in cache for "spark/partials/dashboard.ftl"("en_US", UTF-8, parsed); will try to load it.
2023-04-05 00:20:33,332 DEBUG [main] cache:45 - TemplateLoader.findTemplateSource("spark/partials/dashboard_en_US.ftl"): Not found
2023-04-05 00:20:33,333 DEBUG [main] cache:45 - TemplateLoader.findTemplateSource("spark/partials/dashboard_en.ftl"): Not found
2023-04-05 00:20:33,333 DEBUG [main] cache:45 - TemplateLoader.findTemplateSource("spark/partials/dashboard.ftl"): Found
2023-04-05 00:20:33,333 DEBUG [main] cache:45 - Loading template for "spark/partials/dashboard.ftl"("en_US", UTF-8, parsed) from "jar:file:/C:/Users/nazia/.m2/repository/com/aventstack/extentreports/5.0.9/extentreports-5.0.9.jar!/com/aventstack/extentreports/templates/spark/partials/dashboard.ftl"
2023-04-05 00:20:33,354 DEBUG [main] cache:45 - Couldn't find template in cache for "spark/partials/scripts.ftl"("en_US", UTF-8, parsed); will try to load it.
2023-04-05 00:20:33,355 DEBUG [main] cache:45 - TemplateLoader.findTemplateSource("spark/partials/scripts_en_US.ftl"): Not found
2023-04-05 00:20:33,355 DEBUG [main] cache:45 - TemplateLoader.findTemplateSource("spark/partials/scripts_en.ftl"): Not found
2023-04-05 00:20:33,356 DEBUG [main] cache:45 - TemplateLoader.findTemplateSource("spark/partials/scripts.ftl"): Found
2023-04-05 00:20:33,356 DEBUG [main] cache:45 - Loading template for "spark/partials/scripts.ftl"("en_US", UTF-8, parsed) from "jar:file:/C:/Users/nazia/.m2/repository/com/aventstack/extentreports/5.0.9/extentreports-5.0.9.jar!/com/aventstack/extentreports/templates/spark/partials/scripts.ftl"
2023-04-05 00:20:33,357 DEBUG [main] cache:45 - Couldn't find template in cache for "commons/commons-inject-js.ftl"("en_US", UTF-8, parsed); will try to load it.
2023-04-05 00:20:33,357 DEBUG [main] cache:45 - TemplateLoader.findTemplateSource("commons/commons-inject-js_en_US.ftl"): Not found
2023-04-05 00:20:33,358 DEBUG [main] cache:45 - TemplateLoader.findTemplateSource("commons/commons-inject-js_en.ftl"): Not found
2023-04-05 00:20:33,359 DEBUG [main] cache:45 - TemplateLoader.findTemplateSource("commons/commons-inject-js.ftl"): Found
2023-04-05 00:20:33,359 DEBUG [main] cache:45 - Loading template for "commons/commons-inject-js.ftl"("en_US", UTF-8, parsed) from "jar:file:/C:/Users/nazia/.m2/repository/com/aventstack/extentreports/5.0.9/extentreports-5.0.9.jar!/com/aventstack/extentreports/templates/commons/commons-inject-js.ftl"
2023-04-05 00:26:13,026  INFO [main] HomePage:22 - this is home page
2023-04-05 00:26:13,061  INFO [main] Listeners:32 - Successfully passed testcase:TestTitle
2023-04-05 00:26:16,250  INFO [main] HomePage:22 - this is home page
2023-04-05 00:26:16,711  INFO [main] Listeners:32 - Successfully passed testcase:VerifyLoginTitleTest
2023-04-05 00:26:17,224 DEBUG [main] cache:45 - Couldn't find template in cache for "spark/spark.spa.ftl"("en_US", UTF-8, parsed); will try to load it.
2023-04-05 00:26:17,225 DEBUG [main] cache:45 - TemplateLoader.findTemplateSource("spark/spark.spa_en_US.ftl"): Not found
2023-04-05 00:26:17,226 DEBUG [main] cache:45 - TemplateLoader.findTemplateSource("spark/spark.spa_en.ftl"): Not found
2023-04-05 00:26:17,227 DEBUG [main] cache:45 - TemplateLoader.findTemplateSource("spark/spark.spa.ftl"): Found
2023-04-05 00:26:17,227 DEBUG [main] cache:45 - Loading template for "spark/spark.spa.ftl"("en_US", UTF-8, parsed) from "jar:file:/C:/Users/nazia/.m2/repository/com/aventstack/extentreports/5.0.9/extentreports-5.0.9.jar!/com/aventstack/extentreports/templates/spark/spark.spa.ftl"
2023-04-05 00:26:17,269 DEBUG [main] cache:45 - Couldn't find template in cache for "commons/commons-variables.ftl"("en_US", UTF-8, parsed); will try to load it.
2023-04-05 00:26:17,269 DEBUG [main] cache:45 - TemplateLoader.findTemplateSource("commons/commons-variables_en_US.ftl"): Not found
2023-04-05 00:26:17,269 DEBUG [main] cache:45 - TemplateLoader.findTemplateSource("commons/commons-variables_en.ftl"): Not found
2023-04-05 00:26:17,270 DEBUG [main] cache:45 - TemplateLoader.findTemplateSource("commons/commons-variables.ftl"): Found
2023-04-05 00:26:17,270 DEBUG [main] cache:45 - Loading template for "commons/commons-variables.ftl"("en_US", UTF-8, parsed) from "jar:file:/C:/Users/nazia/.m2/repository/com/aventstack/extentreports/5.0.9/extentreports-5.0.9.jar!/com/aventstack/extentreports/templates/commons/commons-variables.ftl"
2023-04-05 00:26:17,333 DEBUG [main] cache:45 - Couldn't find template in cache for "commons/commons-macros.ftl"("en_US", UTF-8, parsed); will try to load it.
2023-04-05 00:26:17,333 DEBUG [main] cache:45 - TemplateLoader.findTemplateSource("commons/commons-macros_en_US.ftl"): Not found
2023-04-05 00:26:17,335 DEBUG [main] cache:45 - TemplateLoader.findTemplateSource("commons/commons-macros_en.ftl"): Not found
2023-04-05 00:26:17,335 DEBUG [main] cache:45 - TemplateLoader.findTemplateSource("commons/commons-macros.ftl"): Found
2023-04-05 00:26:17,335 DEBUG [main] cache:45 - Loading template for "commons/commons-macros.ftl"("en_US", UTF-8, parsed) from "jar:file:/C:/Users/nazia/.m2/repository/com/aventstack/extentreports/5.0.9/extentreports-5.0.9.jar!/com/aventstack/extentreports/templates/commons/commons-macros.ftl"
2023-04-05 00:26:17,341 DEBUG [main] cache:45 - Couldn't find template in cache for "spark/macros/attributes.ftl"("en_US", UTF-8, parsed); will try to load it.
2023-04-05 00:26:17,341 DEBUG [main] cache:45 - TemplateLoader.findTemplateSource("spark/macros/attributes_en_US.ftl"): Not found
2023-04-05 00:26:17,342 DEBUG [main] cache:45 - TemplateLoader.findTemplateSource("spark/macros/attributes_en.ftl"): Not found
2023-04-05 00:26:17,342 DEBUG [main] cache:45 - TemplateLoader.findTemplateSource("spark/macros/attributes.ftl"): Found
2023-04-05 00:26:17,342 DEBUG [main] cache:45 - Loading template for "spark/macros/attributes.ftl"("en_US", UTF-8, parsed) from "jar:file:/C:/Users/nazia/.m2/repository/com/aventstack/extentreports/5.0.9/extentreports-5.0.9.jar!/com/aventstack/extentreports/templates/spark/macros/attributes.ftl"
2023-04-05 00:26:17,344 DEBUG [main] cache:45 - Couldn't find template in cache for "spark/macros/log.ftl"("en_US", UTF-8, parsed); will try to load it.
2023-04-05 00:26:17,344 DEBUG [main] cache:45 - TemplateLoader.findTemplateSource("spark/macros/log_en_US.ftl"): Not found
2023-04-05 00:26:17,345 DEBUG [main] cache:45 - TemplateLoader.findTemplateSource("spark/macros/log_en.ftl"): Not found
2023-04-05 00:26:17,345 DEBUG [main] cache:45 - TemplateLoader.findTemplateSource("spark/macros/log.ftl"): Found
2023-04-05 00:26:17,345 DEBUG [main] cache:45 - Loading template for "spark/macros/log.ftl"("en_US", UTF-8, parsed) from "jar:file:/C:/Users/nazia/.m2/repository/com/aventstack/extentreports/5.0.9/extentreports-5.0.9.jar!/com/aventstack/extentreports/templates/spark/macros/log.ftl"
2023-04-05 00:26:17,347 DEBUG [main] cache:45 - Couldn't find template in cache for "spark/macros/recurse_nodes.ftl"("en_US", UTF-8, parsed); will try to load it.
2023-04-05 00:26:17,347 DEBUG [main] cache:45 - TemplateLoader.findTemplateSource("spark/macros/recurse_nodes_en_US.ftl"): Not found
2023-04-05 00:26:17,348 DEBUG [main] cache:45 - TemplateLoader.findTemplateSource("spark/macros/recurse_nodes_en.ftl"): Not found
2023-04-05 00:26:17,349 DEBUG [main] cache:45 - TemplateLoader.findTemplateSource("spark/macros/recurse_nodes.ftl"): Found
2023-04-05 00:26:17,349 DEBUG [main] cache:45 - Loading template for "spark/macros/recurse_nodes.ftl"("en_US", UTF-8, parsed) from "jar:file:/C:/Users/nazia/.m2/repository/com/aventstack/extentreports/5.0.9/extentreports-5.0.9.jar!/com/aventstack/extentreports/templates/spark/macros/recurse_nodes.ftl"
2023-04-05 00:26:17,351 DEBUG [main] cache:45 - "spark/macros/log.ftl"("en_US", UTF-8, parsed) cached copy not yet stale; using cached.
2023-04-05 00:26:17,352 DEBUG [main] cache:45 - Couldn't find template in cache for "spark/macros/attr-common.ftl"("en_US", UTF-8, parsed); will try to load it.
2023-04-05 00:26:17,353 DEBUG [main] cache:45 - TemplateLoader.findTemplateSource("spark/macros/attr-common_en_US.ftl"): Not found
2023-04-05 00:26:17,353 DEBUG [main] cache:45 - TemplateLoader.findTemplateSource("spark/macros/attr-common_en.ftl"): Not found
2023-04-05 00:26:17,354 DEBUG [main] cache:45 - TemplateLoader.findTemplateSource("spark/macros/attr-common.ftl"): Found
2023-04-05 00:26:17,354 DEBUG [main] cache:45 - Loading template for "spark/macros/attr-common.ftl"("en_US", UTF-8, parsed) from "jar:file:/C:/Users/nazia/.m2/repository/com/aventstack/extentreports/5.0.9/extentreports-5.0.9.jar!/com/aventstack/extentreports/templates/spark/macros/attr-common.ftl"
2023-04-05 00:26:17,400 DEBUG [main] cache:45 - Couldn't find template in cache for "spark/partials/head.ftl"("en_US", UTF-8, parsed); will try to load it.
2023-04-05 00:26:17,400 DEBUG [main] cache:45 - TemplateLoader.findTemplateSource("spark/partials/head_en_US.ftl"): Not found
2023-04-05 00:26:17,401 DEBUG [main] cache:45 - TemplateLoader.findTemplateSource("spark/partials/head_en.ftl"): Not found
2023-04-05 00:26:17,402 DEBUG [main] cache:45 - TemplateLoader.findTemplateSource("spark/partials/head.ftl"): Found
2023-04-05 00:26:17,402 DEBUG [main] cache:45 - Loading template for "spark/partials/head.ftl"("en_US", UTF-8, parsed) from "jar:file:/C:/Users/nazia/.m2/repository/com/aventstack/extentreports/5.0.9/extentreports-5.0.9.jar!/com/aventstack/extentreports/templates/spark/partials/head.ftl"
2023-04-05 00:26:17,427 DEBUG [main] cache:45 - Couldn't find template in cache for "commons/commons-inject-css.ftl"("en_US", UTF-8, parsed); will try to load it.
2023-04-05 00:26:17,428 DEBUG [main] cache:45 - TemplateLoader.findTemplateSource("commons/commons-inject-css_en_US.ftl"): Not found
2023-04-05 00:26:17,429 DEBUG [main] cache:45 - TemplateLoader.findTemplateSource("commons/commons-inject-css_en.ftl"): Not found
2023-04-05 00:26:17,430 DEBUG [main] cache:45 - TemplateLoader.findTemplateSource("commons/commons-inject-css.ftl"): Found
2023-04-05 00:26:17,430 DEBUG [main] cache:45 - Loading template for "commons/commons-inject-css.ftl"("en_US", UTF-8, parsed) from "jar:file:/C:/Users/nazia/.m2/repository/com/aventstack/extentreports/5.0.9/extentreports-5.0.9.jar!/com/aventstack/extentreports/templates/commons/commons-inject-css.ftl"
2023-04-05 00:26:17,432 DEBUG [main] cache:45 - Couldn't find template in cache for "spark/partials/navbar.ftl"("en_US", UTF-8, parsed); will try to load it.
2023-04-05 00:26:17,432 DEBUG [main] cache:45 - TemplateLoader.findTemplateSource("spark/partials/navbar_en_US.ftl"): Not found
2023-04-05 00:26:17,433 DEBUG [main] cache:45 - TemplateLoader.findTemplateSource("spark/partials/navbar_en.ftl"): Not found
2023-04-05 00:26:17,433 DEBUG [main] cache:45 - TemplateLoader.findTemplateSource("spark/partials/navbar.ftl"): Found
2023-04-05 00:26:17,433 DEBUG [main] cache:45 - Loading template for "spark/partials/navbar.ftl"("en_US", UTF-8, parsed) from "jar:file:/C:/Users/nazia/.m2/repository/com/aventstack/extentreports/5.0.9/extentreports-5.0.9.jar!/com/aventstack/extentreports/templates/spark/partials/navbar.ftl"
2023-04-05 00:26:17,441 DEBUG [main] cache:45 - Couldn't find template in cache for "spark/partials/sidenav.ftl"("en_US", UTF-8, parsed); will try to load it.
2023-04-05 00:26:17,444 DEBUG [main] cache:45 - TemplateLoader.findTemplateSource("spark/partials/sidenav_en_US.ftl"): Not found
2023-04-05 00:26:17,446 DEBUG [main] cache:45 - TemplateLoader.findTemplateSource("spark/partials/sidenav_en.ftl"): Not found
2023-04-05 00:26:17,454 DEBUG [main] cache:45 - TemplateLoader.findTemplateSource("spark/partials/sidenav.ftl"): Found
2023-04-05 00:26:17,456 DEBUG [main] cache:45 - Loading template for "spark/partials/sidenav.ftl"("en_US", UTF-8, parsed) from "jar:file:/C:/Users/nazia/.m2/repository/com/aventstack/extentreports/5.0.9/extentreports-5.0.9.jar!/com/aventstack/extentreports/templates/spark/partials/sidenav.ftl"
2023-04-05 00:26:17,467 DEBUG [main] cache:45 - Couldn't find template in cache for "spark/partials/test.ftl"("en_US", UTF-8, parsed); will try to load it.
2023-04-05 00:26:17,468 DEBUG [main] cache:45 - TemplateLoader.findTemplateSource("spark/partials/test_en_US.ftl"): Not found
2023-04-05 00:26:17,468 DEBUG [main] cache:45 - TemplateLoader.findTemplateSource("spark/partials/test_en.ftl"): Not found
2023-04-05 00:26:17,469 DEBUG [main] cache:45 - TemplateLoader.findTemplateSource("spark/partials/test.ftl"): Found
2023-04-05 00:26:17,469 DEBUG [main] cache:45 - Loading template for "spark/partials/test.ftl"("en_US", UTF-8, parsed) from "jar:file:/C:/Users/nazia/.m2/repository/com/aventstack/extentreports/5.0.9/extentreports-5.0.9.jar!/com/aventstack/extentreports/templates/spark/partials/test.ftl"
2023-04-05 00:26:17,483 DEBUG [main] cache:45 - Couldn't find template in cache for "spark/partials/standard-content.ftl"("en_US", UTF-8, parsed); will try to load it.
2023-04-05 00:26:17,484 DEBUG [main] cache:45 - TemplateLoader.findTemplateSource("spark/partials/standard-content_en_US.ftl"): Not found
2023-04-05 00:26:17,484 DEBUG [main] cache:45 - TemplateLoader.findTemplateSource("spark/partials/standard-content_en.ftl"): Not found
2023-04-05 00:26:17,485 DEBUG [main] cache:45 - TemplateLoader.findTemplateSource("spark/partials/standard-content.ftl"): Found
2023-04-05 00:26:17,485 DEBUG [main] cache:45 - Loading template for "spark/partials/standard-content.ftl"("en_US", UTF-8, parsed) from "jar:file:/C:/Users/nazia/.m2/repository/com/aventstack/extentreports/5.0.9/extentreports-5.0.9.jar!/com/aventstack/extentreports/templates/spark/partials/standard-content.ftl"
2023-04-05 00:26:17,490 DEBUG [main] cache:45 - "spark/partials/standard-content.ftl"("en_US", UTF-8, parsed) cached copy not yet stale; using cached.
2023-04-05 00:26:17,491 DEBUG [main] cache:45 - Couldn't find template in cache for "spark/partials/exception.ftl"("en_US", UTF-8, parsed); will try to load it.
2023-04-05 00:26:17,491 DEBUG [main] cache:45 - TemplateLoader.findTemplateSource("spark/partials/exception_en_US.ftl"): Not found
2023-04-05 00:26:17,492 DEBUG [main] cache:45 - TemplateLoader.findTemplateSource("spark/partials/exception_en.ftl"): Not found
2023-04-05 00:26:17,492 DEBUG [main] cache:45 - TemplateLoader.findTemplateSource("spark/partials/exception.ftl"): Found
2023-04-05 00:26:17,493 DEBUG [main] cache:45 - Loading template for "spark/partials/exception.ftl"("en_US", UTF-8, parsed) from "jar:file:/C:/Users/nazia/.m2/repository/com/aventstack/extentreports/5.0.9/extentreports-5.0.9.jar!/com/aventstack/extentreports/templates/spark/partials/exception.ftl"
2023-04-05 00:26:17,494 DEBUG [main] cache:45 - Couldn't find template in cache for "spark/partials/category.ftl"("en_US", UTF-8, parsed); will try to load it.
2023-04-05 00:26:17,494 DEBUG [main] cache:45 - TemplateLoader.findTemplateSource("spark/partials/category_en_US.ftl"): Not found
2023-04-05 00:26:17,495 DEBUG [main] cache:45 - TemplateLoader.findTemplateSource("spark/partials/category_en.ftl"): Not found
2023-04-05 00:26:17,495 DEBUG [main] cache:45 - TemplateLoader.findTemplateSource("spark/partials/category.ftl"): Found
2023-04-05 00:26:17,495 DEBUG [main] cache:45 - Loading template for "spark/partials/category.ftl"("en_US", UTF-8, parsed) from "jar:file:/C:/Users/nazia/.m2/repository/com/aventstack/extentreports/5.0.9/extentreports-5.0.9.jar!/com/aventstack/extentreports/templates/spark/partials/category.ftl"
2023-04-05 00:26:17,496 DEBUG [main] cache:45 - Couldn't find template in cache for "spark/partials/device.ftl"("en_US", UTF-8, parsed); will try to load it.
2023-04-05 00:26:17,496 DEBUG [main] cache:45 - TemplateLoader.findTemplateSource("spark/partials/device_en_US.ftl"): Not found
2023-04-05 00:26:17,497 DEBUG [main] cache:45 - TemplateLoader.findTemplateSource("spark/partials/device_en.ftl"): Not found
2023-04-05 00:26:17,497 DEBUG [main] cache:45 - TemplateLoader.findTemplateSource("spark/partials/device.ftl"): Found
2023-04-05 00:26:17,497 DEBUG [main] cache:45 - Loading template for "spark/partials/device.ftl"("en_US", UTF-8, parsed) from "jar:file:/C:/Users/nazia/.m2/repository/com/aventstack/extentreports/5.0.9/extentreports-5.0.9.jar!/com/aventstack/extentreports/templates/spark/partials/device.ftl"
2023-04-05 00:26:17,500 DEBUG [main] cache:45 - Couldn't find template in cache for "spark/partials/author.ftl"("en_US", UTF-8, parsed); will try to load it.
2023-04-05 00:26:17,500 DEBUG [main] cache:45 - TemplateLoader.findTemplateSource("spark/partials/author_en_US.ftl"): Not found
2023-04-05 00:26:17,501 DEBUG [main] cache:45 - TemplateLoader.findTemplateSource("spark/partials/author_en.ftl"): Not found
2023-04-05 00:26:17,502 DEBUG [main] cache:45 - TemplateLoader.findTemplateSource("spark/partials/author.ftl"): Found
2023-04-05 00:26:17,502 DEBUG [main] cache:45 - Loading template for "spark/partials/author.ftl"("en_US", UTF-8, parsed) from "jar:file:/C:/Users/nazia/.m2/repository/com/aventstack/extentreports/5.0.9/extentreports-5.0.9.jar!/com/aventstack/extentreports/templates/spark/partials/author.ftl"
2023-04-05 00:26:17,503 DEBUG [main] cache:45 - Couldn't find template in cache for "spark/partials/log.ftl"("en_US", UTF-8, parsed); will try to load it.
2023-04-05 00:26:17,503 DEBUG [main] cache:45 - TemplateLoader.findTemplateSource("spark/partials/log_en_US.ftl"): Not found
2023-04-05 00:26:17,504 DEBUG [main] cache:45 - TemplateLoader.findTemplateSource("spark/partials/log_en.ftl"): Not found
2023-04-05 00:26:17,504 DEBUG [main] cache:45 - TemplateLoader.findTemplateSource("spark/partials/log.ftl"): Found
2023-04-05 00:26:17,505 DEBUG [main] cache:45 - Loading template for "spark/partials/log.ftl"("en_US", UTF-8, parsed) from "jar:file:/C:/Users/nazia/.m2/repository/com/aventstack/extentreports/5.0.9/extentreports-5.0.9.jar!/com/aventstack/extentreports/templates/spark/partials/log.ftl"
2023-04-05 00:26:17,506 DEBUG [main] cache:45 - Couldn't find template in cache for "spark/partials/dashboard.ftl"("en_US", UTF-8, parsed); will try to load it.
2023-04-05 00:26:17,507 DEBUG [main] cache:45 - TemplateLoader.findTemplateSource("spark/partials/dashboard_en_US.ftl"): Not found
2023-04-05 00:26:17,507 DEBUG [main] cache:45 - TemplateLoader.findTemplateSource("spark/partials/dashboard_en.ftl"): Not found
2023-04-05 00:26:17,508 DEBUG [main] cache:45 - TemplateLoader.findTemplateSource("spark/partials/dashboard.ftl"): Found
2023-04-05 00:26:17,508 DEBUG [main] cache:45 - Loading template for "spark/partials/dashboard.ftl"("en_US", UTF-8, parsed) from "jar:file:/C:/Users/nazia/.m2/repository/com/aventstack/extentreports/5.0.9/extentreports-5.0.9.jar!/com/aventstack/extentreports/templates/spark/partials/dashboard.ftl"
2023-04-05 00:26:17,540 DEBUG [main] cache:45 - Couldn't find template in cache for "spark/partials/scripts.ftl"("en_US", UTF-8, parsed); will try to load it.
2023-04-05 00:26:17,541 DEBUG [main] cache:45 - TemplateLoader.findTemplateSource("spark/partials/scripts_en_US.ftl"): Not found
2023-04-05 00:26:17,542 DEBUG [main] cache:45 - TemplateLoader.findTemplateSource("spark/partials/scripts_en.ftl"): Not found
2023-04-05 00:26:17,542 DEBUG [main] cache:45 - TemplateLoader.findTemplateSource("spark/partials/scripts.ftl"): Found
2023-04-05 00:26:17,542 DEBUG [main] cache:45 - Loading template for "spark/partials/scripts.ftl"("en_US", UTF-8, parsed) from "jar:file:/C:/Users/nazia/.m2/repository/com/aventstack/extentreports/5.0.9/extentreports-5.0.9.jar!/com/aventstack/extentreports/templates/spark/partials/scripts.ftl"
2023-04-05 00:26:17,544 DEBUG [main] cache:45 - Couldn't find template in cache for "commons/commons-inject-js.ftl"("en_US", UTF-8, parsed); will try to load it.
2023-04-05 00:26:17,544 DEBUG [main] cache:45 - TemplateLoader.findTemplateSource("commons/commons-inject-js_en_US.ftl"): Not found
2023-04-05 00:26:17,545 DEBUG [main] cache:45 - TemplateLoader.findTemplateSource("commons/commons-inject-js_en.ftl"): Not found
2023-04-05 00:26:17,546 DEBUG [main] cache:45 - TemplateLoader.findTemplateSource("commons/commons-inject-js.ftl"): Found
2023-04-05 00:26:17,546 DEBUG [main] cache:45 - Loading template for "commons/commons-inject-js.ftl"("en_US", UTF-8, parsed) from "jar:file:/C:/Users/nazia/.m2/repository/com/aventstack/extentreports/5.0.9/extentreports-5.0.9.jar!/com/aventstack/extentreports/templates/commons/commons-inject-js.ftl"
2023-04-05 23:18:09,735  INFO [main] HomePage:22 - this is home page
2023-04-05 23:18:09,799  INFO [main] Listeners:32 - Successfully passed testcase:TestTitle
2023-04-05 23:18:13,862  INFO [main] HomePage:22 - this is home page
2023-04-05 23:18:14,386  INFO [main] Listeners:32 - Successfully passed testcase:VerifyLoginTitleTest
2023-04-05 23:18:14,951 DEBUG [main] cache:45 - Couldn't find template in cache for "spark/spark.spa.ftl"("en_US", UTF-8, parsed); will try to load it.
2023-04-05 23:18:14,951 DEBUG [main] cache:45 - TemplateLoader.findTemplateSource("spark/spark.spa_en_US.ftl"): Not found
2023-04-05 23:18:14,953 DEBUG [main] cache:45 - TemplateLoader.findTemplateSource("spark/spark.spa_en.ftl"): Not found
2023-04-05 23:18:14,953 DEBUG [main] cache:45 - TemplateLoader.findTemplateSource("spark/spark.spa.ftl"): Found
2023-04-05 23:18:14,954 DEBUG [main] cache:45 - Loading template for "spark/spark.spa.ftl"("en_US", UTF-8, parsed) from "jar:file:/C:/Users/nazia/.m2/repository/com/aventstack/extentreports/5.0.9/extentreports-5.0.9.jar!/com/aventstack/extentreports/templates/spark/spark.spa.ftl"
2023-04-05 23:18:15,002 DEBUG [main] cache:45 - Couldn't find template in cache for "commons/commons-variables.ftl"("en_US", UTF-8, parsed); will try to load it.
2023-04-05 23:18:15,003 DEBUG [main] cache:45 - TemplateLoader.findTemplateSource("commons/commons-variables_en_US.ftl"): Not found
2023-04-05 23:18:15,003 DEBUG [main] cache:45 - TemplateLoader.findTemplateSource("commons/commons-variables_en.ftl"): Not found
2023-04-05 23:18:15,004 DEBUG [main] cache:45 - TemplateLoader.findTemplateSource("commons/commons-variables.ftl"): Found
2023-04-05 23:18:15,004 DEBUG [main] cache:45 - Loading template for "commons/commons-variables.ftl"("en_US", UTF-8, parsed) from "jar:file:/C:/Users/nazia/.m2/repository/com/aventstack/extentreports/5.0.9/extentreports-5.0.9.jar!/com/aventstack/extentreports/templates/commons/commons-variables.ftl"
2023-04-05 23:18:15,077 DEBUG [main] cache:45 - Couldn't find template in cache for "commons/commons-macros.ftl"("en_US", UTF-8, parsed); will try to load it.
2023-04-05 23:18:15,077 DEBUG [main] cache:45 - TemplateLoader.findTemplateSource("commons/commons-macros_en_US.ftl"): Not found
2023-04-05 23:18:15,079 DEBUG [main] cache:45 - TemplateLoader.findTemplateSource("commons/commons-macros_en.ftl"): Not found
2023-04-05 23:18:15,080 DEBUG [main] cache:45 - TemplateLoader.findTemplateSource("commons/commons-macros.ftl"): Found
2023-04-05 23:18:15,080 DEBUG [main] cache:45 - Loading template for "commons/commons-macros.ftl"("en_US", UTF-8, parsed) from "jar:file:/C:/Users/nazia/.m2/repository/com/aventstack/extentreports/5.0.9/extentreports-5.0.9.jar!/com/aventstack/extentreports/templates/commons/commons-macros.ftl"
2023-04-05 23:18:15,088 DEBUG [main] cache:45 - Couldn't find template in cache for "spark/macros/attributes.ftl"("en_US", UTF-8, parsed); will try to load it.
2023-04-05 23:18:15,088 DEBUG [main] cache:45 - TemplateLoader.findTemplateSource("spark/macros/attributes_en_US.ftl"): Not found
2023-04-05 23:18:15,089 DEBUG [main] cache:45 - TemplateLoader.findTemplateSource("spark/macros/attributes_en.ftl"): Not found
2023-04-05 23:18:15,089 DEBUG [main] cache:45 - TemplateLoader.findTemplateSource("spark/macros/attributes.ftl"): Found
2023-04-05 23:18:15,090 DEBUG [main] cache:45 - Loading template for "spark/macros/attributes.ftl"("en_US", UTF-8, parsed) from "jar:file:/C:/Users/nazia/.m2/repository/com/aventstack/extentreports/5.0.9/extentreports-5.0.9.jar!/com/aventstack/extentreports/templates/spark/macros/attributes.ftl"
2023-04-05 23:18:15,092 DEBUG [main] cache:45 - Couldn't find template in cache for "spark/macros/log.ftl"("en_US", UTF-8, parsed); will try to load it.
2023-04-05 23:18:15,092 DEBUG [main] cache:45 - TemplateLoader.findTemplateSource("spark/macros/log_en_US.ftl"): Not found
2023-04-05 23:18:15,093 DEBUG [main] cache:45 - TemplateLoader.findTemplateSource("spark/macros/log_en.ftl"): Not found
2023-04-05 23:18:15,093 DEBUG [main] cache:45 - TemplateLoader.findTemplateSource("spark/macros/log.ftl"): Found
2023-04-05 23:18:15,093 DEBUG [main] cache:45 - Loading template for "spark/macros/log.ftl"("en_US", UTF-8, parsed) from "jar:file:/C:/Users/nazia/.m2/repository/com/aventstack/extentreports/5.0.9/extentreports-5.0.9.jar!/com/aventstack/extentreports/templates/spark/macros/log.ftl"
2023-04-05 23:18:15,095 DEBUG [main] cache:45 - Couldn't find template in cache for "spark/macros/recurse_nodes.ftl"("en_US", UTF-8, parsed); will try to load it.
2023-04-05 23:18:15,096 DEBUG [main] cache:45 - TemplateLoader.findTemplateSource("spark/macros/recurse_nodes_en_US.ftl"): Not found
2023-04-05 23:18:15,097 DEBUG [main] cache:45 - TemplateLoader.findTemplateSource("spark/macros/recurse_nodes_en.ftl"): Not found
2023-04-05 23:18:15,098 DEBUG [main] cache:45 - TemplateLoader.findTemplateSource("spark/macros/recurse_nodes.ftl"): Found
2023-04-05 23:18:15,098 DEBUG [main] cache:45 - Loading template for "spark/macros/recurse_nodes.ftl"("en_US", UTF-8, parsed) from "jar:file:/C:/Users/nazia/.m2/repository/com/aventstack/extentreports/5.0.9/extentreports-5.0.9.jar!/com/aventstack/extentreports/templates/spark/macros/recurse_nodes.ftl"
2023-04-05 23:18:15,101 DEBUG [main] cache:45 - "spark/macros/log.ftl"("en_US", UTF-8, parsed) cached copy not yet stale; using cached.
2023-04-05 23:18:15,102 DEBUG [main] cache:45 - Couldn't find template in cache for "spark/macros/attr-common.ftl"("en_US", UTF-8, parsed); will try to load it.
2023-04-05 23:18:15,102 DEBUG [main] cache:45 - TemplateLoader.findTemplateSource("spark/macros/attr-common_en_US.ftl"): Not found
2023-04-05 23:18:15,103 DEBUG [main] cache:45 - TemplateLoader.findTemplateSource("spark/macros/attr-common_en.ftl"): Not found
2023-04-05 23:18:15,103 DEBUG [main] cache:45 - TemplateLoader.findTemplateSource("spark/macros/attr-common.ftl"): Found
2023-04-05 23:18:15,103 DEBUG [main] cache:45 - Loading template for "spark/macros/attr-common.ftl"("en_US", UTF-8, parsed) from "jar:file:/C:/Users/nazia/.m2/repository/com/aventstack/extentreports/5.0.9/extentreports-5.0.9.jar!/com/aventstack/extentreports/templates/spark/macros/attr-common.ftl"
2023-04-05 23:18:15,110 DEBUG [main] cache:45 - Couldn't find template in cache for "spark/partials/head.ftl"("en_US", UTF-8, parsed); will try to load it.
2023-04-05 23:18:15,111 DEBUG [main] cache:45 - TemplateLoader.findTemplateSource("spark/partials/head_en_US.ftl"): Not found
2023-04-05 23:18:15,112 DEBUG [main] cache:45 - TemplateLoader.findTemplateSource("spark/partials/head_en.ftl"): Not found
2023-04-05 23:18:15,112 DEBUG [main] cache:45 - TemplateLoader.findTemplateSource("spark/partials/head.ftl"): Found
2023-04-05 23:18:15,114 DEBUG [main] cache:45 - Loading template for "spark/partials/head.ftl"("en_US", UTF-8, parsed) from "jar:file:/C:/Users/nazia/.m2/repository/com/aventstack/extentreports/5.0.9/extentreports-5.0.9.jar!/com/aventstack/extentreports/templates/spark/partials/head.ftl"
2023-04-05 23:18:15,125 DEBUG [main] cache:45 - Couldn't find template in cache for "commons/commons-inject-css.ftl"("en_US", UTF-8, parsed); will try to load it.
2023-04-05 23:18:15,125 DEBUG [main] cache:45 - TemplateLoader.findTemplateSource("commons/commons-inject-css_en_US.ftl"): Not found
2023-04-05 23:18:15,126 DEBUG [main] cache:45 - TemplateLoader.findTemplateSource("commons/commons-inject-css_en.ftl"): Not found
2023-04-05 23:18:15,127 DEBUG [main] cache:45 - TemplateLoader.findTemplateSource("commons/commons-inject-css.ftl"): Found
2023-04-05 23:18:15,127 DEBUG [main] cache:45 - Loading template for "commons/commons-inject-css.ftl"("en_US", UTF-8, parsed) from "jar:file:/C:/Users/nazia/.m2/repository/com/aventstack/extentreports/5.0.9/extentreports-5.0.9.jar!/com/aventstack/extentreports/templates/commons/commons-inject-css.ftl"
2023-04-05 23:18:15,129 DEBUG [main] cache:45 - Couldn't find template in cache for "spark/partials/navbar.ftl"("en_US", UTF-8, parsed); will try to load it.
2023-04-05 23:18:15,130 DEBUG [main] cache:45 - TemplateLoader.findTemplateSource("spark/partials/navbar_en_US.ftl"): Not found
2023-04-05 23:18:15,130 DEBUG [main] cache:45 - TemplateLoader.findTemplateSource("spark/partials/navbar_en.ftl"): Not found
2023-04-05 23:18:15,131 DEBUG [main] cache:45 - TemplateLoader.findTemplateSource("spark/partials/navbar.ftl"): Found
2023-04-05 23:18:15,136 DEBUG [main] cache:45 - Loading template for "spark/partials/navbar.ftl"("en_US", UTF-8, parsed) from "jar:file:/C:/Users/nazia/.m2/repository/com/aventstack/extentreports/5.0.9/extentreports-5.0.9.jar!/com/aventstack/extentreports/templates/spark/partials/navbar.ftl"
2023-04-05 23:18:15,169 DEBUG [main] cache:45 - Couldn't find template in cache for "spark/partials/sidenav.ftl"("en_US", UTF-8, parsed); will try to load it.
2023-04-05 23:18:15,170 DEBUG [main] cache:45 - TemplateLoader.findTemplateSource("spark/partials/sidenav_en_US.ftl"): Not found
2023-04-05 23:18:15,171 DEBUG [main] cache:45 - TemplateLoader.findTemplateSource("spark/partials/sidenav_en.ftl"): Not found
2023-04-05 23:18:15,171 DEBUG [main] cache:45 - TemplateLoader.findTemplateSource("spark/partials/sidenav.ftl"): Found
2023-04-05 23:18:15,171 DEBUG [main] cache:45 - Loading template for "spark/partials/sidenav.ftl"("en_US", UTF-8, parsed) from "jar:file:/C:/Users/nazia/.m2/repository/com/aventstack/extentreports/5.0.9/extentreports-5.0.9.jar!/com/aventstack/extentreports/templates/spark/partials/sidenav.ftl"
2023-04-05 23:18:15,187 DEBUG [main] cache:45 - Couldn't find template in cache for "spark/partials/test.ftl"("en_US", UTF-8, parsed); will try to load it.
2023-04-05 23:18:15,187 DEBUG [main] cache:45 - TemplateLoader.findTemplateSource("spark/partials/test_en_US.ftl"): Not found
2023-04-05 23:18:15,188 DEBUG [main] cache:45 - TemplateLoader.findTemplateSource("spark/partials/test_en.ftl"): Not found
2023-04-05 23:18:15,189 DEBUG [main] cache:45 - TemplateLoader.findTemplateSource("spark/partials/test.ftl"): Found
2023-04-05 23:18:15,189 DEBUG [main] cache:45 - Loading template for "spark/partials/test.ftl"("en_US", UTF-8, parsed) from "jar:file:/C:/Users/nazia/.m2/repository/com/aventstack/extentreports/5.0.9/extentreports-5.0.9.jar!/com/aventstack/extentreports/templates/spark/partials/test.ftl"
2023-04-05 23:18:15,201 DEBUG [main] cache:45 - Couldn't find template in cache for "spark/partials/standard-content.ftl"("en_US", UTF-8, parsed); will try to load it.
2023-04-05 23:18:15,202 DEBUG [main] cache:45 - TemplateLoader.findTemplateSource("spark/partials/standard-content_en_US.ftl"): Not found
2023-04-05 23:18:15,202 DEBUG [main] cache:45 - TemplateLoader.findTemplateSource("spark/partials/standard-content_en.ftl"): Not found
2023-04-05 23:18:15,204 DEBUG [main] cache:45 - TemplateLoader.findTemplateSource("spark/partials/standard-content.ftl"): Found
2023-04-05 23:18:15,204 DEBUG [main] cache:45 - Loading template for "spark/partials/standard-content.ftl"("en_US", UTF-8, parsed) from "jar:file:/C:/Users/nazia/.m2/repository/com/aventstack/extentreports/5.0.9/extentreports-5.0.9.jar!/com/aventstack/extentreports/templates/spark/partials/standard-content.ftl"
2023-04-05 23:18:15,210 DEBUG [main] cache:45 - "spark/partials/standard-content.ftl"("en_US", UTF-8, parsed) cached copy not yet stale; using cached.
2023-04-05 23:18:15,211 DEBUG [main] cache:45 - Couldn't find template in cache for "spark/partials/exception.ftl"("en_US", UTF-8, parsed); will try to load it.
2023-04-05 23:18:15,211 DEBUG [main] cache:45 - TemplateLoader.findTemplateSource("spark/partials/exception_en_US.ftl"): Not found
2023-04-05 23:18:15,212 DEBUG [main] cache:45 - TemplateLoader.findTemplateSource("spark/partials/exception_en.ftl"): Not found
2023-04-05 23:18:15,212 DEBUG [main] cache:45 - TemplateLoader.findTemplateSource("spark/partials/exception.ftl"): Found
2023-04-05 23:18:15,212 DEBUG [main] cache:45 - Loading template for "spark/partials/exception.ftl"("en_US", UTF-8, parsed) from "jar:file:/C:/Users/nazia/.m2/repository/com/aventstack/extentreports/5.0.9/extentreports-5.0.9.jar!/com/aventstack/extentreports/templates/spark/partials/exception.ftl"
2023-04-05 23:18:15,214 DEBUG [main] cache:45 - Couldn't find template in cache for "spark/partials/category.ftl"("en_US", UTF-8, parsed); will try to load it.
2023-04-05 23:18:15,214 DEBUG [main] cache:45 - TemplateLoader.findTemplateSource("spark/partials/category_en_US.ftl"): Not found
2023-04-05 23:18:15,215 DEBUG [main] cache:45 - TemplateLoader.findTemplateSource("spark/partials/category_en.ftl"): Not found
2023-04-05 23:18:15,215 DEBUG [main] cache:45 - TemplateLoader.findTemplateSource("spark/partials/category.ftl"): Found
2023-04-05 23:18:15,215 DEBUG [main] cache:45 - Loading template for "spark/partials/category.ftl"("en_US", UTF-8, parsed) from "jar:file:/C:/Users/nazia/.m2/repository/com/aventstack/extentreports/5.0.9/extentreports-5.0.9.jar!/com/aventstack/extentreports/templates/spark/partials/category.ftl"
2023-04-05 23:18:15,216 DEBUG [main] cache:45 - Couldn't find template in cache for "spark/partials/device.ftl"("en_US", UTF-8, parsed); will try to load it.
2023-04-05 23:18:15,217 DEBUG [main] cache:45 - TemplateLoader.findTemplateSource("spark/partials/device_en_US.ftl"): Not found
2023-04-05 23:18:15,218 DEBUG [main] cache:45 - TemplateLoader.findTemplateSource("spark/partials/device_en.ftl"): Not found
2023-04-05 23:18:15,218 DEBUG [main] cache:45 - TemplateLoader.findTemplateSource("spark/partials/device.ftl"): Found
2023-04-05 23:18:15,219 DEBUG [main] cache:45 - Loading template for "spark/partials/device.ftl"("en_US", UTF-8, parsed) from "jar:file:/C:/Users/nazia/.m2/repository/com/aventstack/extentreports/5.0.9/extentreports-5.0.9.jar!/com/aventstack/extentreports/templates/spark/partials/device.ftl"
2023-04-05 23:18:15,220 DEBUG [main] cache:45 - Couldn't find template in cache for "spark/partials/author.ftl"("en_US", UTF-8, parsed); will try to load it.
2023-04-05 23:18:15,220 DEBUG [main] cache:45 - TemplateLoader.findTemplateSource("spark/partials/author_en_US.ftl"): Not found
2023-04-05 23:18:15,222 DEBUG [main] cache:45 - TemplateLoader.findTemplateSource("spark/partials/author_en.ftl"): Not found
2023-04-05 23:18:15,223 DEBUG [main] cache:45 - TemplateLoader.findTemplateSource("spark/partials/author.ftl"): Found
2023-04-05 23:18:15,223 DEBUG [main] cache:45 - Loading template for "spark/partials/author.ftl"("en_US", UTF-8, parsed) from "jar:file:/C:/Users/nazia/.m2/repository/com/aventstack/extentreports/5.0.9/extentreports-5.0.9.jar!/com/aventstack/extentreports/templates/spark/partials/author.ftl"
2023-04-05 23:18:15,224 DEBUG [main] cache:45 - Couldn't find template in cache for "spark/partials/log.ftl"("en_US", UTF-8, parsed); will try to load it.
2023-04-05 23:18:15,225 DEBUG [main] cache:45 - TemplateLoader.findTemplateSource("spark/partials/log_en_US.ftl"): Not found
2023-04-05 23:18:15,225 DEBUG [main] cache:45 - TemplateLoader.findTemplateSource("spark/partials/log_en.ftl"): Not found
2023-04-05 23:18:15,226 DEBUG [main] cache:45 - TemplateLoader.findTemplateSource("spark/partials/log.ftl"): Found
2023-04-05 23:18:15,226 DEBUG [main] cache:45 - Loading template for "spark/partials/log.ftl"("en_US", UTF-8, parsed) from "jar:file:/C:/Users/nazia/.m2/repository/com/aventstack/extentreports/5.0.9/extentreports-5.0.9.jar!/com/aventstack/extentreports/templates/spark/partials/log.ftl"
2023-04-05 23:18:15,228 DEBUG [main] cache:45 - Couldn't find template in cache for "spark/partials/dashboard.ftl"("en_US", UTF-8, parsed); will try to load it.
2023-04-05 23:18:15,228 DEBUG [main] cache:45 - TemplateLoader.findTemplateSource("spark/partials/dashboard_en_US.ftl"): Not found
2023-04-05 23:18:15,229 DEBUG [main] cache:45 - TemplateLoader.findTemplateSource("spark/partials/dashboard_en.ftl"): Not found
2023-04-05 23:18:15,229 DEBUG [main] cache:45 - TemplateLoader.findTemplateSource("spark/partials/dashboard.ftl"): Found
2023-04-05 23:18:15,229 DEBUG [main] cache:45 - Loading template for "spark/partials/dashboard.ftl"("en_US", UTF-8, parsed) from "jar:file:/C:/Users/nazia/.m2/repository/com/aventstack/extentreports/5.0.9/extentreports-5.0.9.jar!/com/aventstack/extentreports/templates/spark/partials/dashboard.ftl"
2023-04-05 23:18:15,262 DEBUG [main] cache:45 - Couldn't find template in cache for "spark/partials/scripts.ftl"("en_US", UTF-8, parsed); will try to load it.
2023-04-05 23:18:15,263 DEBUG [main] cache:45 - TemplateLoader.findTemplateSource("spark/partials/scripts_en_US.ftl"): Not found
2023-04-05 23:18:15,263 DEBUG [main] cache:45 - TemplateLoader.findTemplateSource("spark/partials/scripts_en.ftl"): Not found
2023-04-05 23:18:15,264 DEBUG [main] cache:45 - TemplateLoader.findTemplateSource("spark/partials/scripts.ftl"): Found
2023-04-05 23:18:15,264 DEBUG [main] cache:45 - Loading template for "spark/partials/scripts.ftl"("en_US", UTF-8, parsed) from "jar:file:/C:/Users/nazia/.m2/repository/com/aventstack/extentreports/5.0.9/extentreports-5.0.9.jar!/com/aventstack/extentreports/templates/spark/partials/scripts.ftl"
2023-04-05 23:18:15,265 DEBUG [main] cache:45 - Couldn't find template in cache for "commons/commons-inject-js.ftl"("en_US", UTF-8, parsed); will try to load it.
2023-04-05 23:18:15,266 DEBUG [main] cache:45 - TemplateLoader.findTemplateSource("commons/commons-inject-js_en_US.ftl"): Not found
2023-04-05 23:18:15,267 DEBUG [main] cache:45 - TemplateLoader.findTemplateSource("commons/commons-inject-js_en.ftl"): Not found
2023-04-05 23:18:15,267 DEBUG [main] cache:45 - TemplateLoader.findTemplateSource("commons/commons-inject-js.ftl"): Found
2023-04-05 23:18:15,268 DEBUG [main] cache:45 - Loading template for "commons/commons-inject-js.ftl"("en_US", UTF-8, parsed) from "jar:file:/C:/Users/nazia/.m2/repository/com/aventstack/extentreports/5.0.9/extentreports-5.0.9.jar!/com/aventstack/extentreports/templates/commons/commons-inject-js.ftl"
